Sender: LSF System <lsfadmin@eu-g3-046>
Subject: Job 217261609: <python main.py train --model=vgg16 --data=cifar100 --l=4 --id=vgg_cifar100_L4> in cluster <euler> Done

Job <python main.py train --model=vgg16 --data=cifar100 --l=4 --id=vgg_cifar100_L4> was submitted from host <eu-login-47> by user <pintoa> in cluster <euler> at Wed May  4 19:48:49 2022
Job was executed on host(s) <4*eu-g3-046>, in queue <gpu.24h>, as user <pintoa> in cluster <euler> at Thu May  5 01:01:19 2022
</cluster/home/pintoa> was used as the home directory.
</cluster/home/pintoa/ai-research-snn> was used as the working directory.
Started at Thu May  5 01:01:19 2022
Terminated at Thu May  5 01:41:51 2022
Results reported at Thu May  5 01:41:51 2022

Your job looked like:

------------------------------------------------------------
# LSBATCH: User input
python main.py train --model=vgg16 --data=cifar100 --l=4 --id=vgg_cifar100_L4
------------------------------------------------------------

Successfully completed.

Resource usage summary:

    CPU time :                                   5088.33 sec.
    Max Memory :                                 3868 MB
    Average Memory :                             3672.39 MB
    Total Requested Memory :                     8192.00 MB
    Delta Memory :                               4324.00 MB
    Max Swap :                                   -
    Max Processes :                              11
    Max Threads :                                41
    Run time :                                   2434 sec.
    Turnaround time :                            21182 sec.

The output (if any) follows:

Files already downloaded and verified
Files already downloaded and verified
/cluster/home/pintoa/miniconda3/envs/ai-research/lib/python3.8/site-packages/torch/utils/data/dataloader.py:487: UserWarning: This DataLoader will create 8 worker processes in total. Our suggested max number of worker in current system is 4, which is smaller than what this DataLoader is going to create. Please be aware that excessive worker creation might get DataLoader running slow or even freeze, lower the worker number to avoid potential slowness/freeze if necessary.
  warnings.warn(_create_warning_msg(
Epoch 0 -> Val_loss: 0.03494265389442444, Acc: 0.026999998837709427
best_acc:  tensor(0.0270, device='cuda:0')
Epoch 1 -> Val_loss: 0.03382027335166931, Acc: 0.03229999914765358
best_acc:  tensor(0.0323, device='cuda:0')
Epoch 2 -> Val_loss: 0.03357763786315918, Acc: 0.03319999948143959
best_acc:  tensor(0.0332, device='cuda:0')
Epoch 3 -> Val_loss: 0.03320785393714905, Acc: 0.04050000011920929
best_acc:  tensor(0.0405, device='cuda:0')
Epoch 4 -> Val_loss: 0.03366281590461731, Acc: 0.03949999809265137
best_acc:  tensor(0.0405, device='cuda:0')
Epoch 5 -> Val_loss: 0.031983679795265195, Acc: 0.06239999830722809
best_acc:  tensor(0.0624, device='cuda:0')
Epoch 6 -> Val_loss: 0.033526870775222775, Acc: 0.05309999734163284
best_acc:  tensor(0.0624, device='cuda:0')
Epoch 7 -> Val_loss: 0.031924460983276365, Acc: 0.06419999897480011
best_acc:  tensor(0.0642, device='cuda:0')
Epoch 8 -> Val_loss: 0.03176142990589142, Acc: 0.06520000100135803
best_acc:  tensor(0.0652, device='cuda:0')
Epoch 9 -> Val_loss: 0.03088483762741089, Acc: 0.0738999992609024
best_acc:  tensor(0.0739, device='cuda:0')
Epoch 10 -> Val_loss: 0.031025332975387572, Acc: 0.07899999618530273
best_acc:  tensor(0.0790, device='cuda:0')
Epoch 11 -> Val_loss: 0.030784089517593385, Acc: 0.08069999516010284
best_acc:  tensor(0.0807, device='cuda:0')
Epoch 12 -> Val_loss: 0.03001907105445862, Acc: 0.09609999507665634
best_acc:  tensor(0.0961, device='cuda:0')
Epoch 13 -> Val_loss: 0.02934150941371918, Acc: 0.1030999943614006
best_acc:  tensor(0.1031, device='cuda:0')
Epoch 14 -> Val_loss: 0.028940348744392396, Acc: 0.12359999865293503
best_acc:  tensor(0.1236, device='cuda:0')
Epoch 15 -> Val_loss: 0.029970814394950866, Acc: 0.10279999673366547
best_acc:  tensor(0.1236, device='cuda:0')
Epoch 16 -> Val_loss: 0.02758340857028961, Acc: 0.1379999965429306
best_acc:  tensor(0.1380, device='cuda:0')
Epoch 17 -> Val_loss: 0.02833041729927063, Acc: 0.1232999935746193
best_acc:  tensor(0.1380, device='cuda:0')
Epoch 18 -> Val_loss: 0.02640816626548767, Acc: 0.15770000219345093
best_acc:  tensor(0.1577, device='cuda:0')
Epoch 19 -> Val_loss: 0.026007643389701844, Acc: 0.15649999678134918
best_acc:  tensor(0.1577, device='cuda:0')
Epoch 20 -> Val_loss: 0.02969043610095978, Acc: 0.14059999585151672
best_acc:  tensor(0.1577, device='cuda:0')
Epoch 21 -> Val_loss: 0.027463948655128478, Acc: 0.14829999208450317
best_acc:  tensor(0.1577, device='cuda:0')
Epoch 22 -> Val_loss: 0.029784954309463502, Acc: 0.13599999248981476
best_acc:  tensor(0.1577, device='cuda:0')
Epoch 23 -> Val_loss: 0.028494634294509887, Acc: 0.14019998908042908
best_acc:  tensor(0.1577, device='cuda:0')
Epoch 24 -> Val_loss: 0.027977072668075562, Acc: 0.14409999549388885
best_acc:  tensor(0.1577, device='cuda:0')
Epoch 25 -> Val_loss: 0.026266101908683778, Acc: 0.17889998853206635
best_acc:  tensor(0.1789, device='cuda:0')
Epoch 26 -> Val_loss: 0.027234609127044677, Acc: 0.16859999299049377
best_acc:  tensor(0.1789, device='cuda:0')
Epoch 27 -> Val_loss: 0.025820503330230712, Acc: 0.19380000233650208
best_acc:  tensor(0.1938, device='cuda:0')
Epoch 28 -> Val_loss: 0.026051500916481018, Acc: 0.19349999725818634
best_acc:  tensor(0.1938, device='cuda:0')
Epoch 29 -> Val_loss: 0.024269154477119446, Acc: 0.21599999070167542
best_acc:  tensor(0.2160, device='cuda:0')
Epoch 30 -> Val_loss: 0.027166933178901672, Acc: 0.1915999948978424
best_acc:  tensor(0.2160, device='cuda:0')
Epoch 31 -> Val_loss: 0.02488032522201538, Acc: 0.2134999930858612
best_acc:  tensor(0.2160, device='cuda:0')
Epoch 32 -> Val_loss: 0.024187423419952392, Acc: 0.2240999937057495
best_acc:  tensor(0.2241, device='cuda:0')
Epoch 33 -> Val_loss: 0.02635625216960907, Acc: 0.19979999959468842
best_acc:  tensor(0.2241, device='cuda:0')
Epoch 34 -> Val_loss: 0.022056308221817016, Acc: 0.28360000252723694
best_acc:  tensor(0.2836, device='cuda:0')
Epoch 35 -> Val_loss: 0.02260387876033783, Acc: 0.2540999948978424
best_acc:  tensor(0.2836, device='cuda:0')
Epoch 36 -> Val_loss: 0.02367333400249481, Acc: 0.25999999046325684
best_acc:  tensor(0.2836, device='cuda:0')
Epoch 37 -> Val_loss: 0.021211777877807616, Acc: 0.2847999930381775
best_acc:  tensor(0.2848, device='cuda:0')
Epoch 38 -> Val_loss: 0.02064592547416687, Acc: 0.3107999861240387
best_acc:  tensor(0.3108, device='cuda:0')
Epoch 39 -> Val_loss: 0.023762117815017702, Acc: 0.2612999975681305
best_acc:  tensor(0.3108, device='cuda:0')
Epoch 40 -> Val_loss: 0.023228986620903017, Acc: 0.2572000026702881
best_acc:  tensor(0.3108, device='cuda:0')
Epoch 41 -> Val_loss: 0.020521580529212952, Acc: 0.31029999256134033
best_acc:  tensor(0.3108, device='cuda:0')
Epoch 42 -> Val_loss: 0.020362895810604097, Acc: 0.321399986743927
best_acc:  tensor(0.3214, device='cuda:0')
Epoch 43 -> Val_loss: 0.020311123859882353, Acc: 0.32580000162124634
best_acc:  tensor(0.3258, device='cuda:0')
Epoch 44 -> Val_loss: 0.02136878356933594, Acc: 0.3125999867916107
best_acc:  tensor(0.3258, device='cuda:0')
Epoch 45 -> Val_loss: 0.022268595337867736, Acc: 0.2994999885559082
best_acc:  tensor(0.3258, device='cuda:0')
Epoch 46 -> Val_loss: 0.018748031210899352, Acc: 0.3682999908924103
best_acc:  tensor(0.3683, device='cuda:0')
Epoch 47 -> Val_loss: 0.020380629563331604, Acc: 0.3319000005722046
best_acc:  tensor(0.3683, device='cuda:0')
Epoch 48 -> Val_loss: 0.01864211950302124, Acc: 0.3732999861240387
best_acc:  tensor(0.3733, device='cuda:0')
Epoch 49 -> Val_loss: 0.017773525846004487, Acc: 0.3951999843120575
best_acc:  tensor(0.3952, device='cuda:0')
Epoch 50 -> Val_loss: 0.019903544902801513, Acc: 0.34919998049736023
best_acc:  tensor(0.3952, device='cuda:0')
Epoch 51 -> Val_loss: 0.01973462687730789, Acc: 0.35909998416900635
best_acc:  tensor(0.3952, device='cuda:0')
Epoch 52 -> Val_loss: 0.018193716967105866, Acc: 0.4066999852657318
best_acc:  tensor(0.4067, device='cuda:0')
Epoch 53 -> Val_loss: 0.017912410056591034, Acc: 0.4032000005245209
best_acc:  tensor(0.4067, device='cuda:0')
Epoch 54 -> Val_loss: 0.018147197663784028, Acc: 0.40289998054504395
best_acc:  tensor(0.4067, device='cuda:0')
Epoch 55 -> Val_loss: 0.017441566348075865, Acc: 0.4156000018119812
best_acc:  tensor(0.4156, device='cuda:0')
Epoch 56 -> Val_loss: 0.01718703353404999, Acc: 0.42809998989105225
best_acc:  tensor(0.4281, device='cuda:0')
Epoch 57 -> Val_loss: 0.01816048219203949, Acc: 0.405599981546402
best_acc:  tensor(0.4281, device='cuda:0')
Epoch 58 -> Val_loss: 0.017786491346359252, Acc: 0.4108999967575073
best_acc:  tensor(0.4281, device='cuda:0')
Epoch 59 -> Val_loss: 0.01793688601255417, Acc: 0.4081999957561493
best_acc:  tensor(0.4281, device='cuda:0')
Epoch 60 -> Val_loss: 0.016714448916912077, Acc: 0.4359999895095825
best_acc:  tensor(0.4360, device='cuda:0')
Epoch 61 -> Val_loss: 0.018726543641090394, Acc: 0.3901999890804291
best_acc:  tensor(0.4360, device='cuda:0')
Epoch 62 -> Val_loss: 0.017771339666843414, Acc: 0.421099990606308
best_acc:  tensor(0.4360, device='cuda:0')
Epoch 63 -> Val_loss: 0.018197038960456848, Acc: 0.3971000015735626
best_acc:  tensor(0.4360, device='cuda:0')
Epoch 64 -> Val_loss: 0.017638212764263153, Acc: 0.4258999824523926
best_acc:  tensor(0.4360, device='cuda:0')
Epoch 65 -> Val_loss: 0.017411863851547242, Acc: 0.43619999289512634
best_acc:  tensor(0.4362, device='cuda:0')
Epoch 66 -> Val_loss: 0.018434942936897278, Acc: 0.4169999957084656
best_acc:  tensor(0.4362, device='cuda:0')
Epoch 67 -> Val_loss: 0.016568587648868562, Acc: 0.44929999113082886
best_acc:  tensor(0.4493, device='cuda:0')
Epoch 68 -> Val_loss: 0.016034646165370942, Acc: 0.46609997749328613
best_acc:  tensor(0.4661, device='cuda:0')
Epoch 69 -> Val_loss: 0.01757828561067581, Acc: 0.42829999327659607
best_acc:  tensor(0.4661, device='cuda:0')
Epoch 70 -> Val_loss: 0.01691939306259155, Acc: 0.45159998536109924
best_acc:  tensor(0.4661, device='cuda:0')
Epoch 71 -> Val_loss: 0.015478662288188935, Acc: 0.486299991607666
best_acc:  tensor(0.4863, device='cuda:0')
Epoch 72 -> Val_loss: 0.015037611889839172, Acc: 0.4966000020503998
best_acc:  tensor(0.4966, device='cuda:0')
Epoch 73 -> Val_loss: 0.01648742392063141, Acc: 0.46219998598098755
best_acc:  tensor(0.4966, device='cuda:0')
Epoch 74 -> Val_loss: 0.01650214021205902, Acc: 0.46149998903274536
best_acc:  tensor(0.4966, device='cuda:0')
Epoch 75 -> Val_loss: 0.014006474804878235, Acc: 0.5224999785423279
best_acc:  tensor(0.5225, device='cuda:0')
Epoch 76 -> Val_loss: 0.014480310070514679, Acc: 0.5131999850273132
best_acc:  tensor(0.5225, device='cuda:0')
Epoch 77 -> Val_loss: 0.013833613181114196, Acc: 0.5325999855995178
best_acc:  tensor(0.5326, device='cuda:0')
Epoch 78 -> Val_loss: 0.014941410160064698, Acc: 0.5062999725341797
best_acc:  tensor(0.5326, device='cuda:0')
Epoch 79 -> Val_loss: 0.013597631156444549, Acc: 0.5450999736785889
best_acc:  tensor(0.5451, device='cuda:0')
Epoch 80 -> Val_loss: 0.013906271040439606, Acc: 0.530299961566925
best_acc:  tensor(0.5451, device='cuda:0')
Epoch 81 -> Val_loss: 0.014182439303398133, Acc: 0.5217999815940857
best_acc:  tensor(0.5451, device='cuda:0')
Epoch 82 -> Val_loss: 0.013352777802944183, Acc: 0.5521000027656555
best_acc:  tensor(0.5521, device='cuda:0')
Epoch 83 -> Val_loss: 0.013524091923236847, Acc: 0.5437999963760376
best_acc:  tensor(0.5521, device='cuda:0')
Epoch 84 -> Val_loss: 0.013185924315452575, Acc: 0.551800012588501
best_acc:  tensor(0.5521, device='cuda:0')
Epoch 85 -> Val_loss: 0.012557221269607543, Acc: 0.5690000057220459
best_acc:  tensor(0.5690, device='cuda:0')
Epoch 86 -> Val_loss: 0.013277363431453705, Acc: 0.5509999990463257
best_acc:  tensor(0.5690, device='cuda:0')
Epoch 87 -> Val_loss: 0.012425280261039734, Acc: 0.5767999887466431
best_acc:  tensor(0.5768, device='cuda:0')
Epoch 88 -> Val_loss: 0.012093068075180053, Acc: 0.5848000049591064
best_acc:  tensor(0.5848, device='cuda:0')
Epoch 89 -> Val_loss: 0.01265976140499115, Acc: 0.5684999823570251
best_acc:  tensor(0.5848, device='cuda:0')
Epoch 90 -> Val_loss: 0.012722242403030395, Acc: 0.5741999745368958
best_acc:  tensor(0.5848, device='cuda:0')
Epoch 91 -> Val_loss: 0.01214385465979576, Acc: 0.5892999768257141
best_acc:  tensor(0.5893, device='cuda:0')
Epoch 92 -> Val_loss: 0.011937397605180741, Acc: 0.5924999713897705
best_acc:  tensor(0.5925, device='cuda:0')
Epoch 93 -> Val_loss: 0.011763156640529633, Acc: 0.5978999733924866
best_acc:  tensor(0.5979, device='cuda:0')
Epoch 94 -> Val_loss: 0.011389145481586456, Acc: 0.6090999841690063
best_acc:  tensor(0.6091, device='cuda:0')
Epoch 95 -> Val_loss: 0.011642002892494202, Acc: 0.6062999963760376
best_acc:  tensor(0.6091, device='cuda:0')
Epoch 96 -> Val_loss: 0.011689352416992187, Acc: 0.5999000072479248
best_acc:  tensor(0.6091, device='cuda:0')
Epoch 97 -> Val_loss: 0.01097565376162529, Acc: 0.6193000078201294
best_acc:  tensor(0.6193, device='cuda:0')
Epoch 98 -> Val_loss: 0.01140619877576828, Acc: 0.6141999959945679
best_acc:  tensor(0.6193, device='cuda:0')
Epoch 99 -> Val_loss: 0.010997871160507202, Acc: 0.6248999834060669
best_acc:  tensor(0.6249, device='cuda:0')
Epoch 100 -> Val_loss: 0.011044812726974487, Acc: 0.6297999620437622
best_acc:  tensor(0.6298, device='cuda:0')
Epoch 101 -> Val_loss: 0.0107694551050663, Acc: 0.6330999732017517
best_acc:  tensor(0.6331, device='cuda:0')
Epoch 102 -> Val_loss: 0.010418842101097107, Acc: 0.6426999568939209
best_acc:  tensor(0.6427, device='cuda:0')
Epoch 103 -> Val_loss: 0.010570189160108566, Acc: 0.6468999981880188
best_acc:  tensor(0.6469, device='cuda:0')
Epoch 104 -> Val_loss: 0.010324165964126587, Acc: 0.6530999541282654
best_acc:  tensor(0.6531, device='cuda:0')
Epoch 105 -> Val_loss: 0.010404245120286941, Acc: 0.6520999670028687
best_acc:  tensor(0.6531, device='cuda:0')
Epoch 106 -> Val_loss: 0.010199256372451782, Acc: 0.6563999652862549
best_acc:  tensor(0.6564, device='cuda:0')
Epoch 107 -> Val_loss: 0.010327568954229354, Acc: 0.6535999774932861
best_acc:  tensor(0.6564, device='cuda:0')
Epoch 108 -> Val_loss: 0.010035462659597396, Acc: 0.6644999980926514
best_acc:  tensor(0.6645, device='cuda:0')
Epoch 109 -> Val_loss: 0.010169500398635864, Acc: 0.6625999808311462
best_acc:  tensor(0.6645, device='cuda:0')
Epoch 110 -> Val_loss: 0.010207477283477782, Acc: 0.6638999581336975
best_acc:  tensor(0.6645, device='cuda:0')
Epoch 111 -> Val_loss: 0.010045629858970642, Acc: 0.6674999594688416
best_acc:  tensor(0.6675, device='cuda:0')
Epoch 112 -> Val_loss: 0.009989410310983658, Acc: 0.6766999959945679
best_acc:  tensor(0.6767, device='cuda:0')
Epoch 113 -> Val_loss: 0.010149711579084396, Acc: 0.6703000068664551
best_acc:  tensor(0.6767, device='cuda:0')
Epoch 114 -> Val_loss: 0.010000354546308517, Acc: 0.6717999577522278
best_acc:  tensor(0.6767, device='cuda:0')
Epoch 115 -> Val_loss: 0.009968167662620545, Acc: 0.6753000020980835
best_acc:  tensor(0.6767, device='cuda:0')
Epoch 116 -> Val_loss: 0.009948502773046493, Acc: 0.6779999732971191
best_acc:  tensor(0.6780, device='cuda:0')
Epoch 117 -> Val_loss: 0.009970639497041703, Acc: 0.6775000095367432
best_acc:  tensor(0.6780, device='cuda:0')
Epoch 118 -> Val_loss: 0.009985212975740433, Acc: 0.6769999861717224
best_acc:  tensor(0.6780, device='cuda:0')
Epoch 119 -> Val_loss: 0.009949601912498475, Acc: 0.6768999695777893
best_acc:  tensor(0.6780, device='cuda:0')
